C:\Program Files\Microsoft Visual Studio\2022\Community\MSBuild\Microsoft\VC\v170\Microsoft.Cpp.Unity.targets(190,5): warning : 'C:\Users\yunseong\Desktop\WindowProgrammingFinal\WinApiLecture\Client\Unity\unity_DV5IUEJCL0QGM6W8.cpp' 경로의 일부를 찾을 수 없습니다.
C:\Program Files\Microsoft Visual Studio\2022\Community\MSBuild\Microsoft\VC\v170\Microsoft.Cpp.Unity.targets(190,5): warning : 'C:\Users\yunseong\Desktop\WindowProgrammingFinal\WinApiLecture\Client\Unity\unity_CK31T983XAJEFOTV.cpp' 경로의 일부를 찾을 수 없습니다.
C:\Program Files\Microsoft Visual Studio\2022\Community\MSBuild\Microsoft\VC\v170\Microsoft.Cpp.Unity.targets(190,5): warning : 'C:\Users\yunseong\Desktop\WindowProgrammingFinal\WinApiLecture\Client\Unity\unity_H3FSYLG1HF21YO3Y.cpp' 경로의 일부를 찾을 수 없습니다.
C:\Program Files\Microsoft Visual Studio\2022\Community\MSBuild\Microsoft\VC\v170\Microsoft.Cpp.Unity.targets(190,5): warning : 'C:\Users\yunseong\Desktop\WindowProgrammingFinal\WinApiLecture\Client\Unity\unity_MRX81VH3YVK2MYDK.cpp' 경로의 일부를 찾을 수 없습니다.
  unity_N7N3YALLY7XB0NPG.cpp
  unity_3T4RHC013AQT0G32.cpp
  unity_AE5RKKQE2ET1VMV5.cpp
  unity_FBFWLIMY5U1XOS24.cpp
  C:\Program Files (x86)\Windows Kits\10\Include\10.0.22621.0\um\dinput.h: DIRECTINPUT_VERSION undefined. Defaulting to version 0x0800
C:\Users\yun\Desktop\WindowProgrammingFinal\WinApiLecture\Client\CGround.cpp(49,18): warning C4244: '인수': 'float'에서 'int'(으)로 변환하면서 데이터가 손실될 수 있습니다.
  (소스 파일 'Unity/unity_3T4RHC013AQT0G32.cpp'을(를) 컴파일하는 중)
  
C:\Users\yun\Desktop\WindowProgrammingFinal\WinApiLecture\Client\CGround.cpp(49,11): warning C4244: '인수': 'float'에서 'int'(으)로 변환하면서 데이터가 손실될 수 있습니다.
  (소스 파일 'Unity/unity_3T4RHC013AQT0G32.cpp'을(를) 컴파일하는 중)
  
C:\Users\yun\Desktop\WindowProgrammingFinal\WinApiLecture\Client\CGround.cpp(47,21): warning C4244: '인수': 'float'에서 'int'(으)로 변환하면서 데이터가 손실될 수 있습니다.
  (소스 파일 'Unity/unity_3T4RHC013AQT0G32.cpp'을(를) 컴파일하는 중)
  
C:\Users\yun\Desktop\WindowProgrammingFinal\WinApiLecture\Client\CGround.cpp(47,11): warning C4244: '인수': 'float'에서 'int'(으)로 변환하면서 데이터가 손실될 수 있습니다.
  (소스 파일 'Unity/unity_3T4RHC013AQT0G32.cpp'을(를) 컴파일하는 중)
  
C:\Users\yun\Desktop\WindowProgrammingFinal\WinApiLecture\Client\CGround.cpp(46,12): warning C4244: '인수': 'float'에서 'int'(으)로 변환하면서 데이터가 손실될 수 있습니다.
  (소스 파일 'Unity/unity_3T4RHC013AQT0G32.cpp'을(를) 컴파일하는 중)
  
C:\Users\yun\Desktop\WindowProgrammingFinal\WinApiLecture\Client\CGround.cpp(45,10): warning C4244: '인수': 'float'에서 'int'(으)로 변환하면서 데이터가 손실될 수 있습니다.
  (소스 파일 'Unity/unity_3T4RHC013AQT0G32.cpp'을(를) 컴파일하는 중)
  
C:\Users\yun\Desktop\WindowProgrammingFinal\WinApiLecture\Client\CMonster.cpp(123,19): warning C4244: '인수': 'float'에서 'int'(으)로 변환하면서 데이터가 손실될 수 있습니다.
  (소스 파일 'Unity/unity_3T4RHC013AQT0G32.cpp'을(를) 컴파일하는 중)
  
C:\Users\yun\Desktop\WindowProgrammingFinal\WinApiLecture\Client\CMonster.cpp(123,12): warning C4244: '인수': 'float'에서 'int'(으)로 변환하면서 데이터가 손실될 수 있습니다.
  (소스 파일 'Unity/unity_3T4RHC013AQT0G32.cpp'을(를) 컴파일하는 중)
  
C:\Users\yun\Desktop\WindowProgrammingFinal\WinApiLecture\Client\CMonster.cpp(121,29): warning C4244: '인수': 'float'에서 'int'(으)로 변환하면서 데이터가 손실될 수 있습니다.
  (소스 파일 'Unity/unity_3T4RHC013AQT0G32.cpp'을(를) 컴파일하는 중)
  
C:\Users\yun\Desktop\WindowProgrammingFinal\WinApiLecture\Client\CMonster.cpp(121,15): warning C4244: '인수': 'float'에서 'int'(으)로 변환하면서 데이터가 손실될 수 있습니다.
  (소스 파일 'Unity/unity_3T4RHC013AQT0G32.cpp'을(를) 컴파일하는 중)
  
C:\Users\yun\Desktop\WindowProgrammingFinal\WinApiLecture\Client\CMonster.cpp(120,13): warning C4244: '인수': 'float'에서 'int'(으)로 변환하면서 데이터가 손실될 수 있습니다.
  (소스 파일 'Unity/unity_3T4RHC013AQT0G32.cpp'을(를) 컴파일하는 중)
  
C:\Users\yun\Desktop\WindowProgrammingFinal\WinApiLecture\Client\CMonster.cpp(119,11): warning C4244: '인수': 'float'에서 'int'(으)로 변환하면서 데이터가 손실될 수 있습니다.
  (소스 파일 'Unity/unity_3T4RHC013AQT0G32.cpp'을(를) 컴파일하는 중)
  
C:\Users\yun\Desktop\WindowProgrammingFinal\WinApiLecture\Client\CBackGround.cpp(46,16): warning C4244: '인수': 'float'에서 'int'(으)로 변환하면서 데이터가 손실될 수 있습니다.
  (소스 파일 'Unity/unity_N7N3YALLY7XB0NPG.cpp'을(를) 컴파일하는 중)
  
C:\Users\yun\Desktop\WindowProgrammingFinal\WinApiLecture\Client\CBackGround.cpp(46,9): warning C4244: '인수': 'float'에서 'int'(으)로 변환하면서 데이터가 손실될 수 있습니다.
  (소스 파일 'Unity/unity_N7N3YALLY7XB0NPG.cpp'을(를) 컴파일하는 중)
  
C:\Users\yun\Desktop\WindowProgrammingFinal\WinApiLecture\Client\CBackGround.cpp(44,31): warning C4244: '인수': 'float'에서 'int'(으)로 변환하면서 데이터가 손실될 수 있습니다.
  (소스 파일 'Unity/unity_N7N3YALLY7XB0NPG.cpp'을(를) 컴파일하는 중)
  
C:\Users\yun\Desktop\WindowProgrammingFinal\WinApiLecture\Client\CBackGround.cpp(44,16): warning C4244: '인수': 'float'에서 'int'(으)로 변환하면서 데이터가 손실될 수 있습니다.
  (소스 파일 'Unity/unity_N7N3YALLY7XB0NPG.cpp'을(를) 컴파일하는 중)
  
C:\Users\yun\Desktop\WindowProgrammingFinal\WinApiLecture\Client\CBackGround.cpp(43,12): warning C4244: '인수': 'float'에서 'int'(으)로 변환하면서 데이터가 손실될 수 있습니다.
  (소스 파일 'Unity/unity_N7N3YALLY7XB0NPG.cpp'을(를) 컴파일하는 중)
  
C:\Users\yun\Desktop\WindowProgrammingFinal\WinApiLecture\Client\CBackGround.cpp(42,10): warning C4244: '인수': 'float'에서 'int'(으)로 변환하면서 데이터가 손실될 수 있습니다.
  (소스 파일 'Unity/unity_N7N3YALLY7XB0NPG.cpp'을(를) 컴파일하는 중)
  
  C:\Program Files (x86)\Windows Kits\10\Include\10.0.22621.0\um\dinput.h: DIRECTINPUT_VERSION undefined. Defaulting to version 0x0800
C:\Program Files\Microsoft Visual Studio\2022\Community\VC\Tools\MSVC\14.39.33519\include\xutility(4537,18): warning C4244: '=': 'wchar_t'에서 'char'(으)로 변환하면서 데이터가 손실될 수 있습니다.
  (소스 파일 'Unity/unity_N7N3YALLY7XB0NPG.cpp'을(를) 컴파일하는 중)
  C:\Program Files\Microsoft Visual Studio\2022\Community\VC\Tools\MSVC\14.39.33519\include\xutility(4537,18):
  템플릿 인스턴스화 컨텍스트(가장 오래된 인스턴스화 컨텍스트)가
  	C:\Users\yun\Desktop\WindowProgrammingFinal\WinApiLecture\Client\CAnimation.cpp(38,25):
  	컴파일되는 함수 템플릿 인스턴스화 'std::basic_string<char,std::char_traits<char>,std::allocator<char>>::basic_string<std::_String_iterator<std::_String_val<std::_Simple_types<_Elem>>>,0>(_Iter,_Iter,const _Alloc &)'에 대한 참조를 확인하세요.
          with
          [
              _Elem=wchar_t,
              _Iter=std::_String_iterator<std::_String_val<std::_Simple_types<wchar_t>>>,
              _Alloc=std::allocator<char>
          ]
  		C:\Users\yun\Desktop\WindowProgrammingFinal\WinApiLecture\Client\CAnimation.cpp(38,17):
  		'CAnimation::Save'에서 'std::basic_string<char,std::char_traits<char>,std::allocator<char>>::basic_string'에 대한 첫 번째 참조를 확인하세요.
  	C:\Program Files\Microsoft Visual Studio\2022\Community\VC\Tools\MSVC\14.39.33519\include\xstring(2600,17):
  	컴파일되는 함수 템플릿 인스턴스화 'void std::basic_string<char,std::char_traits<char>,std::allocator<char>>::_Construct_from_iter<wchar_t*,wchar_t*,_Size_type>(_Iter,const _Sent,_Size)'에 대한 참조를 확인하세요.
          with
          [
              _Size_type=unsigned __int64,
              _Iter=wchar_t *,
              _Sent=wchar_t *,
              _Size=unsigned __int64
          ]
  	C:\Program Files\Microsoft Visual Studio\2022\Community\VC\Tools\MSVC\14.39.33519\include\xstring(2756,18):
  	컴파일되는 함수 템플릿 인스턴스화 '_OutIt *std::_Copy_n_unchecked4<wchar_t*,_Size,char*>(_InIt,_SizeTy,_OutIt)'에 대한 참조를 확인하세요.
          with
          [
              _OutIt=char *,
              _Size=unsigned __int64,
              _InIt=wchar_t *,
              _SizeTy=unsigned __int64
          ]
  
C:\Program Files\Microsoft Visual Studio\2022\Community\VC\Tools\MSVC\14.39.33519\include\xutility(4537,18): warning C4244: '=': 'const wchar_t'에서 'char'(으)로 변환하면서 데이터가 손실될 수 있습니다.
  (소스 파일 'Unity/unity_N7N3YALLY7XB0NPG.cpp'을(를) 컴파일하는 중)
  C:\Program Files\Microsoft Visual Studio\2022\Community\VC\Tools\MSVC\14.39.33519\include\xutility(4537,18):
  템플릿 인스턴스화 컨텍스트(가장 오래된 인스턴스화 컨텍스트)가
  	C:\Users\yun\Desktop\WindowProgrammingFinal\WinApiLecture\Client\CAnimation.cpp(45,18):
  	컴파일되는 함수 템플릿 인스턴스화 'std::basic_string<char,std::char_traits<char>,std::allocator<char>>::basic_string<std::_String_const_iterator<std::_String_val<std::_Simple_types<_Elem>>>,0>(_Iter,_Iter,const _Alloc &)'에 대한 참조를 확인하세요.
          with
          [
              _Elem=wchar_t,
              _Iter=std::_String_const_iterator<std::_String_val<std::_Simple_types<wchar_t>>>,
              _Alloc=std::allocator<char>
          ]
  		C:\Users\yun\Desktop\WindowProgrammingFinal\WinApiLecture\Client\CAnimation.cpp(45,10):
  		'CAnimation::Save'에서 'std::basic_string<char,std::char_traits<char>,std::allocator<char>>::basic_string'에 대한 첫 번째 참조를 확인하세요.
  	C:\Program Files\Microsoft Visual Studio\2022\Community\VC\Tools\MSVC\14.39.33519\include\xstring(2600,17):
  	컴파일되는 함수 템플릿 인스턴스화 'void std::basic_string<char,std::char_traits<char>,std::allocator<char>>::_Construct_from_iter<const wchar_t*,const wchar_t*,_Size_type>(_Iter,const _Sent,_Size)'에 대한 참조를 확인하세요.
          with
          [
              _Size_type=unsigned __int64,
              _Iter=const wchar_t *,
              _Sent=const wchar_t *,
              _Size=unsigned __int64
          ]
  	C:\Program Files\Microsoft Visual Studio\2022\Community\VC\Tools\MSVC\14.39.33519\include\xstring(2756,18):
  	컴파일되는 함수 템플릿 인스턴스화 '_OutIt *std::_Copy_n_unchecked4<const wchar_t*,_Size,char*>(_InIt,_SizeTy,_OutIt)'에 대한 참조를 확인하세요.
          with
          [
              _OutIt=char *,
              _Size=unsigned __int64,
              _InIt=const wchar_t *,
              _SizeTy=unsigned __int64
          ]
  
  Client.vcxproj -> C:\Users\yun\Desktop\WindowProgrammingFinal\WinApiLecture\Output\bin_debug\Client.exe
